[16Sep2024 00:06:30.523] [Server thread/INFO] [net.minecraft.server.MinecraftServer/]: Sl44tx has made the advancement [Amateur Archaeologist]
[16Sep2024 00:07:17.088] [Server thread/INFO] [net.minecraft.server.MinecraftServer/]: Sl44tx has made the advancement [A Flaming Sword]
[16Sep2024 00:11:45.926] [Server thread/INFO] [net.minecraft.server.MinecraftServer/]: [Sl44tx: Set own game mode to Survival Mode]
[16Sep2024 00:13:53.265] [Server thread/INFO] [net.minecraft.server.MinecraftServer/]: Sl44tx has made the advancement [Acquire Hardware]
[16Sep2024 00:13:53.271] [Server thread/INFO] [net.minecraft.server.MinecraftServer/]: [Sl44tx: Gave 64 [Iron Ingot] to Sl44tx]
[16Sep2024 00:15:18.044] [Worker-Main-7/INFO] [ModernFix/]: Instantiating Mojang DFU
[16Sep2024 00:18:32.279] [Server thread/INFO] [net.minecraft.server.MinecraftServer/]: Sl44tx has made the advancement [Take Aim]
[16Sep2024 00:18:55.724] [Server thread/INFO] [net.minecraft.server.MinecraftServer/]: Sl44tx has made the advancement [Dragonslayer]
[16Sep2024 00:19:29.225] [Server thread/INFO] [net.minecraft.server.MinecraftServer/]: Sl44tx has made the advancement [Monster Hunter]
[16Sep2024 00:22:03.202] [Server thread/INFO] [net.minecraft.server.MinecraftServer/]: Sl44tx has made the advancement [Knowledge of Death]
[16Sep2024 00:22:03.204] [Server thread/INFO] [net.minecraft.server.MinecraftServer/]: Sl44tx has made the advancement [Ambush]
[16Sep2024 00:23:43.935] [Server thread/INFO] [net.minecraft.server.MinecraftServer/]: Sl44tx has made the advancement [Sweet Dreams]
[16Sep2024 00:25:52.317] [Server thread/INFO] [net.minecraft.server.MinecraftServer/]: Sl44tx has made the advancement [Mine? Mine? Mine?]
[16Sep2024 00:32:34.718] [Server thread/INFO] [net.minecraft.server.MinecraftServer/]: Sl44tx has made the advancement [Stone Age]
[16Sep2024 00:37:08.829] [Server thread/INFO] [net.minecraft.server.MinecraftServer/]: Sl44tx has made the advancement [You Are A Pirate]
[16Sep2024 00:37:38.770] [Server thread/INFO] [net.minecraft.server.MinecraftServer/]: Sl44tx has made the advancement [Sea? Not a Problem]
[16Sep2024 00:39:50.435] [Server thread/INFO] [net.minecraft.server.MinecraftServer/]: Sl44tx has reached the goal [Fortuitous Militia]
[16Sep2024 00:54:00.020] [Server thread/INFO] [net.minecraft.server.network.ServerGamePacketListenerImpl/]: Sl44tx lost connection: Disconnected
[16Sep2024 00:54:00.022] [Server thread/INFO] [net.minecraft.server.MinecraftServer/]: Sl44tx left the game
[16Sep2024 00:54:08.925] [Server thread/INFO] [net.minecraft.server.MinecraftServer/]: Stopping the server
[16Sep2024 00:54:08.965] [Server thread/INFO] [net.minecraft.server.MinecraftServer/]: Stopping server
[16Sep2024 00:54:08.967] [Server thread/INFO] [net.minecraft.server.MinecraftServer/]: Saving players
[16Sep2024 00:54:08.969] [Server thread/INFO] [net.minecraft.server.MinecraftServer/]: Saving worlds
[16Sep2024 00:54:09.304] [Server thread/INFO] [net.minecraft.server.MinecraftServer/]: Saving chunks for level 'ServerLevel[world]'/minecraft:overworld
[16Sep2024 00:54:16.893] [Server thread/INFO] [net.minecraft.server.MinecraftServer/]: Saving chunks for level 'ServerLevel[world]'/minecraft:the_end
[16Sep2024 00:54:16.895] [Server thread/INFO] [net.minecraft.server.MinecraftServer/]: Saving chunks for level 'ServerLevel[world]'/minecraft:the_nether
[16Sep2024 00:54:16.972] [Server thread/INFO] [net.minecraft.server.MinecraftServer/]: ThreadedAnvilChunkStorage (world): All chunks are saved
[16Sep2024 00:54:16.972] [Server thread/INFO] [net.minecraft.server.MinecraftServer/]: ThreadedAnvilChunkStorage (DIM1): All chunks are saved
[16Sep2024 00:54:16.973] [Server thread/INFO] [net.minecraft.server.MinecraftServer/]: ThreadedAnvilChunkStorage (DIM-1): All chunks are saved
[16Sep2024 00:54:16.974] [Server thread/INFO] [net.minecraft.server.MinecraftServer/]: ThreadedAnvilChunkStorage: All dimensions are saved
[16Sep2024 00:54:17.314] [Server thread/INFO] [journeymap/]: Loading JourneyMap Forge Configs
